Loaded 2375 samples over 198 problems (metric=activation_entropy, band=all cols=[0, 1, 2, 3, 4, 5, 6, 7, 8, 9, 10, 11, 12, 13, 14, 15, 16, 17, 18, 19, 20, 21, 22, 23, 24, 25, 26, 27, 28, 29, 30, 31, 32])
  overall: 1886 correct / 489 incorrect samples
  contrastive problems (>= 1 of each class): 117

=== (A) WITHIN-PROBLEM AUROC (difficulty-controlled gate; pooled same-problem pairs; >0.5 => failing samples have higher participation) ===
mode        wAUROC_full  wAUROC_early   #pairs  macroFull
last             0.5542        0.5230     2564     0.5651
mean             0.5234        0.5328     2564     0.5367
linear           0.5581        0.5296     2564     0.5780
step_exp         0.5433        0.5273     2564     0.5602
  power: 117 contrastive problems (independent units), 393 incorrect samples in them, 2564 within-problem pairs

=== (B) Paired within-problem diff (incorrect - correct), mode=step_exp ===
  full : median delta=+7.8350  %positive= 61.5%  Wilcoxon z=+2.55 p=1.07e-02  (n=117)
  early: median delta=+5.9501  %positive= 57.3%  Wilcoxon z=+1.54 p=1.25e-01  (n=117)

=== (C) Early-prefix vs full (mode=step_exp) ===
  within-problem AUROC: full=0.5433  early(first 3)=0.5273
  -> full chain more predictive than the early window here.

=== (D) Per-position within-problem AUROC (mode=step_exp; where it splits) ===
  step  0: wAUROC=0.5246  (n=117)  ##
  step  1: wAUROC=0.5335  (n=117)  ###
  step  2: wAUROC=0.5615  (n=117)  ######
  step  3: wAUROC=0.5618  (n=117)  ######
  step  4: wAUROC=0.5169  (n=117)  #
  step  5: wAUROC=0.5442  (n=116)  ####
  step  6: wAUROC=0.5255  (n=112)  ##
  step  7: wAUROC=0.4838  (n=104)  
  step  8: wAUROC=0.4658  (n= 99)  
  step  9: wAUROC=0.4689  (n= 88)  
  step 10: wAUROC=0.5187  (n= 80)  #
  step 11: wAUROC=0.5021  (n= 71)  

=== (E) Pooled AUROC (context only; difficulty NOT controlled) ===
  AUROC(chain-mean activation_entropy, step_exp) = 0.5859  [95% CI 0.5577-0.6128]
  AUROC(n_steps)                        = 0.6532  (length proxy)

=== (F) Healthy-STANDARDIZED participation (anchor; leave-one-problem-out), within-pair AUROC ===
  raw          within-pair AUROC = 0.5433
  standardized within-pair AUROC = 0.3413
  -> standardization HURTS (delta -0.2020); this is the anchor-faithful 'abnormal dims vs healthy'.

Saved -> data/within_all_ae.npz

=== VERDICT (difficulty-controlled) ===
  within-pair AUROC=0.5433 (p=1.07e-02) -> weak / inconclusive; scale up to pin the sign.
