Loaded 2375 samples over 198 problems (metric=participation_ratio, band=all cols=[0, 1, 2, 3, 4, 5, 6, 7, 8, 9, 10, 11, 12, 13, 14, 15, 16, 17, 18, 19, 20, 21, 22, 23, 24, 25, 26, 27, 28, 29, 30, 31, 32])
  overall: 1886 correct / 489 incorrect samples
  contrastive problems (>= 1 of each class): 117

=== (A) WITHIN-PROBLEM AUROC (difficulty-controlled gate; pooled same-problem pairs; >0.5 => failing samples have higher participation) ===
mode        wAUROC_full  wAUROC_early   #pairs  macroFull
last             0.5468        0.5164     2564     0.5636
mean             0.5023        0.5261     2564     0.5068
linear           0.5523        0.5277     2564     0.5676
step_exp         0.5226        0.5238     2564     0.5330
  power: 117 contrastive problems (independent units), 393 incorrect samples in them, 2564 within-problem pairs

=== (B) Paired within-problem diff (incorrect - correct), mode=step_exp ===
  full : median delta=+0.6589  %positive= 59.0%  Wilcoxon z=+1.90 p=5.75e-02  (n=117)
  early: median delta=+0.1731  %positive= 53.0%  Wilcoxon z=+0.94 p=3.47e-01  (n=117)

=== (C) Early-prefix vs full (mode=step_exp) ===
  within-problem AUROC: full=0.5226  early(first 3)=0.5238
  -> early window is at least as predictive as the full chain (supports early-warning, length- & difficulty-controlled).

=== (D) Per-position within-problem AUROC (mode=step_exp; where it splits) ===
  step  0: wAUROC=0.5236  (n=117)  ##
  step  1: wAUROC=0.5294  (n=117)  ##
  step  2: wAUROC=0.5460  (n=117)  ####
  step  3: wAUROC=0.5540  (n=117)  #####
  step  4: wAUROC=0.5265  (n=117)  ##
  step  5: wAUROC=0.5316  (n=116)  ###
  step  6: wAUROC=0.5031  (n=112)  
  step  7: wAUROC=0.4937  (n=104)  
  step  8: wAUROC=0.4600  (n= 99)  
  step  9: wAUROC=0.4541  (n= 88)  
  step 10: wAUROC=0.5138  (n= 80)  #
  step 11: wAUROC=0.5092  (n= 71)  

=== (E) Pooled AUROC (context only; difficulty NOT controlled) ===
  AUROC(chain-mean participation_ratio, step_exp) = 0.5642  [95% CI 0.5349-0.5915]
  AUROC(n_steps)                        = 0.6532  (length proxy)

=== (F) Healthy-STANDARDIZED participation (anchor; leave-one-problem-out), within-pair AUROC ===
  raw          within-pair AUROC = 0.5226
  standardized within-pair AUROC = 0.3401
  -> standardization HURTS (delta -0.1825); this is the anchor-faithful 'abnormal dims vs healthy'.

Saved -> data/within_all_pr.npz

=== VERDICT (difficulty-controlled) ===
  within-pair AUROC=0.5226 ~ chance -> the cross-problem signal was DIFFICULTY, not error. (a).
