Loaded 2375 samples over 198 problems (metric=participation_ratio, band=mid cols=[9, 10, 11, 12, 13, 14, 15, 16, 17, 18, 19, 20, 21, 22])
  overall: 1886 correct / 489 incorrect samples
  contrastive problems (>= 1 of each class): 117

=== (A) WITHIN-PROBLEM AUROC (difficulty-controlled gate; pooled same-problem pairs; >0.5 => failing samples have higher participation) ===
mode        wAUROC_full  wAUROC_early   #pairs  macroFull
last             0.5725        0.5218     2564     0.5988
mean             0.5788        0.5285     2564     0.6029
linear           0.6158        0.5425     2564     0.6419
step_exp         0.5967        0.5351     2564     0.6214
  power: 117 contrastive problems (independent units), 393 incorrect samples in them, 2564 within-problem pairs

=== (B) Paired within-problem diff (incorrect - correct), mode=step_exp ===
  full : median delta=+1.6382  %positive= 65.0%  Wilcoxon z=+4.27 p=1.97e-05  (n=117)
  early: median delta=+0.5685  %positive= 59.0%  Wilcoxon z=+2.12 p=3.42e-02  (n=117)

=== (C) Early-prefix vs full (mode=step_exp) ===
  within-problem AUROC: full=0.5967  early(first 3)=0.5351
  -> full chain more predictive than the early window here.

=== (D) Per-position within-problem AUROC (mode=step_exp; where it splits) ===
  step  0: wAUROC=0.5305  (n=117)  ###
  step  1: wAUROC=0.5391  (n=117)  ###
  step  2: wAUROC=0.5670  (n=117)  ######
  step  3: wAUROC=0.5683  (n=117)  ######
  step  4: wAUROC=0.5316  (n=117)  ###
  step  5: wAUROC=0.5505  (n=116)  #####
  step  6: wAUROC=0.5427  (n=112)  ####
  step  7: wAUROC=0.5084  (n=104)  
  step  8: wAUROC=0.5343  (n= 99)  ###
  step  9: wAUROC=0.4884  (n= 88)  
  step 10: wAUROC=0.5348  (n= 80)  ###
  step 11: wAUROC=0.5327  (n= 71)  ###

=== (E) Pooled AUROC (context only; difficulty NOT controlled) ===
  AUROC(chain-mean participation_ratio, step_exp) = 0.6767  [95% CI 0.6504-0.7012]
  AUROC(n_steps)                        = 0.6532  (length proxy)

=== (F) Healthy-STANDARDIZED participation (anchor; leave-one-problem-out), within-pair AUROC ===
  raw          within-pair AUROC = 0.5967
  standardized within-pair AUROC = 0.3307
  -> standardization HURTS (delta -0.2660); this is the anchor-faithful 'abnormal dims vs healthy'.

Saved -> data/within_mid_pr.npz

=== VERDICT (difficulty-controlled) ===
  within-pair AUROC=0.5967 (p=1.97e-05) -> participation PREDICTS failure with difficulty controlled. (b) supported.
