Loaded 2375 samples over 198 problems (metric=participation_ratio, band=deep cols=[19, 20, 21, 22, 23, 24, 25, 26, 27, 28, 29, 30, 31, 32])
  overall: 1886 correct / 489 incorrect samples
  contrastive problems (>= 1 of each class): 117

=== (A) WITHIN-PROBLEM AUROC (difficulty-controlled gate; pooled same-problem pairs; >0.5 => failing samples have higher participation) ===
mode        wAUROC_full  wAUROC_early   #pairs  macroFull
last             0.4867        0.4902     2564     0.4936
mean             0.4415        0.5261     2564     0.4378
linear           0.4844        0.5265     2564     0.4868
step_exp         0.4649        0.5308     2564     0.4641
  power: 117 contrastive problems (independent units), 393 incorrect samples in them, 2564 within-problem pairs

=== (B) Paired within-problem diff (incorrect - correct), mode=step_exp ===
  full : median delta=-0.6572  %positive= 41.9%  Wilcoxon z=-1.73 p=8.29e-02  (n=117)
  early: median delta=-0.3137  %positive= 48.7%  Wilcoxon z=-0.13 p=8.93e-01  (n=117)

=== (C) Early-prefix vs full (mode=step_exp) ===
  within-problem AUROC: full=0.4649  early(first 3)=0.5308
  -> early window is at least as predictive as the full chain (supports early-warning, length- & difficulty-controlled).

=== (D) Per-position within-problem AUROC (mode=step_exp; where it splits) ===
  step  0: wAUROC=0.5278  (n=117)  ##
  step  1: wAUROC=0.5381  (n=117)  ###
  step  2: wAUROC=0.4998  (n=117)  
  step  3: wAUROC=0.5563  (n=117)  #####
  step  4: wAUROC=0.5043  (n=117)  
  step  5: wAUROC=0.5425  (n=116)  ####
  step  6: wAUROC=0.5081  (n=112)  
  step  7: wAUROC=0.4750  (n=104)  
  step  8: wAUROC=0.4517  (n= 99)  
  step  9: wAUROC=0.4598  (n= 88)  
  step 10: wAUROC=0.4561  (n= 80)  
  step 11: wAUROC=0.4405  (n= 71)  

=== (E) Pooled AUROC (context only; difficulty NOT controlled) ===
  AUROC(chain-mean participation_ratio, step_exp) = 0.4680  [95% CI 0.4387-0.4954]
  AUROC(n_steps)                        = 0.6532  (length proxy)

=== (F) Healthy-STANDARDIZED participation (anchor; leave-one-problem-out), within-pair AUROC ===
  raw          within-pair AUROC = 0.4649
  standardized within-pair AUROC = 0.3436
  -> standardization HURTS (delta -0.1213); this is the anchor-faithful 'abnormal dims vs healthy'.

Saved -> data/within_deep_pr.npz

=== VERDICT (difficulty-controlled) ===
  within-pair AUROC=0.4649 (p=8.29e-02) -> weak / inconclusive; scale up to pin the sign.
